[2026-03-06T17:22:48.744Z] SKIP (root) (already optimized, content unchanged)
[2026-03-06T17:22:48.744Z] SKIP choosing-the-right-water-heater-for-efficiency-and-cost-savings (already optimized, content unchanged)
[2026-03-06T17:22:48.744Z] SKIP essential-guide-to-well-water-filtration-and-testing-in-montgomery-county (already optimized, content unchanged)
[2026-03-06T17:22:48.744Z] SKIP services (already optimized, content unchanged)
[2026-03-06T17:22:48.744Z] SKIP water-filtration-systems (already optimized, content unchanged)
[2026-03-06T17:22:48.744Z] SKIP seasonal-plumbing-inspections-conroe (already optimized, content unchanged)
[2026-03-06T17:22:48.744Z] SKIP maximizing-your-homes-value-the-roi-of-whole-home-water-treatment-systems (already optimized, content unchanged)
[2026-03-06T17:22:48.744Z] SKIP expert-guide-to-boiler-and-hydronic-system-care-for-businesses (already optimized, content unchanged)
[2026-03-06T17:22:48.745Z] SKIP whole-home-water-filtration-health-benefits (already optimized, content unchanged)
[2026-03-06T17:22:48.745Z] SKIP hard-water-problems-conroe (already optimized, content unchanged)
[2026-03-06T17:22:48.745Z] SKIP plumbing-myths-cost-texans-summer (already optimized, content unchanged)
[2026-03-06T17:22:48.745Z] SKIP understanding-low-water-pressure-diagnostics-and-repair-solutions (already optimized, content unchanged)
[2026-03-06T17:22:48.747Z] SKIP hidden-costs-plumbing-maintenance (already optimized, content unchanged)
[2026-03-06T17:22:48.747Z] SKIP annual-plumbing-inspections-save-thousands (already optimized, content unchanged)
[2026-03-06T17:22:48.747Z] SKIP understanding-essential-plumbing-components-for-safe-water-systems (already optimized, content unchanged)
[2026-03-06T17:22:48.747Z] SKIP comprehensive-guide-to-gas-line-repair-and-installation (already optimized, content unchanged)
[2026-03-06T17:22:48.747Z] SKIP why-a-whole-house-sediment-filter-is-essential-for-cleaner-safer-water (already optimized, content unchanged)
[2026-03-06T17:22:48.747Z] SKIP understanding-water-quality-in-texas-hard-vs-soft-water-and-water-softeners (already optimized, content unchanged)
[2026-03-06T17:22:48.747Z] SKIP the-truth-about-flushable-wipes-and-plumbing-myths (already optimized, content unchanged)
[2026-03-06T17:22:48.748Z] SKIP essential-plumbing-emergency-preparation-for-texas-hurricanes (already optimized, content unchanged)
[2026-03-06T17:22:48.748Z] SKIP diy-plumbing-repairs-costs (already optimized, content unchanged)
[2026-03-06T17:22:48.748Z] SKIP winterization-in-houston-why-its-more-important-than-you-think (already optimized, content unchanged)
[2026-03-06T17:22:48.748Z] SKIP garbage-disposal-repair-in-conroe (already optimized, content unchanged)
[2026-03-06T17:22:48.748Z] SKIP winter-water-heater-maintenance-in-conroe-2 (already optimized, content unchanged)
[2026-03-06T17:22:48.749Z] SKIP sewer-odor-troubleshooting-effective-solutions-to-eliminate-unpleasant-smells (already optimized, content unchanged)
[2026-03-06T17:22:48.749Z] SKIP how-heavy-rains-impact-home-sewer-systems (already optimized, content unchanged)
[2026-03-06T17:22:48.749Z] SKIP protect-your-home-with-whole-home-water-filtration (already optimized, content unchanged)
[2026-03-06T17:22:48.749Z] SKIP hidden-costs-hard-water-plumbing-systems (already optimized, content unchanged)
[2026-03-06T17:22:48.749Z] SKIP understanding-pipe-bursting-and-its-impact-on-sewer-systems (already optimized, content unchanged)
[2026-03-06T17:22:48.749Z] SKIP conroe-water-quality-and-plumbing (already optimized, content unchanged)
[2026-03-06T17:22:48.749Z] SKIP benefits-of-installing-water-softener (already optimized, content unchanged)
[2026-03-06T17:22:48.749Z] SKIP preventative-plumbing-conroe (already optimized, content unchanged)
[2026-03-06T17:22:48.749Z] SKIP emergency-plumbing-response-times-conroe (already optimized, content unchanged)
[2026-03-06T17:22:48.749Z] SKIP essential-guide-to-water-heater-maintenance (already optimized, content unchanged)
[2026-03-06T17:22:48.749Z] SKIP water-heater-replacement-conroe (already optimized, content unchanged)
[2026-03-06T17:22:48.750Z] SKIP choose-right-plumber-home (already optimized, content unchanged)
[2026-03-06T17:22:48.750Z] SKIP whole-home-water-filtration-systems-conroe (already optimized, content unchanged)
[2026-03-06T17:22:48.750Z] SKIP storm-ready-plumbing-tips-for-texas-homeowners (already optimized, content unchanged)
[2026-03-06T17:22:48.750Z] SKIP winter-water-heater-maintenance-in-conroe (already optimized, content unchanged)
[2026-03-06T17:22:48.750Z] SKIP about-us (already optimized, content unchanged)
[2026-03-06T17:22:48.750Z] SKIP comprehensive-insight-into-leak-detection-technology-and-services (already optimized, content unchanged)
[2026-03-06T17:22:48.750Z] SKIP essential-guide-to-grease-trap-maintenance-for-restaurants (already optimized, content unchanged)
[2026-03-06T17:22:48.750Z] SKIP vacuum-breaker-conroe-backflow-prevention (already optimized, content unchanged)
[2026-03-06T17:22:48.751Z] SKIP pipe-material-guide-pvc-copper-pex (already optimized, content unchanged)
[2026-03-06T17:22:48.751Z] SKIP how-whole-house-water-filtration-systems-transform-everyday-living (already optimized, content unchanged)
[2026-03-06T17:22:48.751Z] SKIP conroe-plumbing-tips-for-new-homeowners (already optimized, content unchanged)
[2026-03-06T17:22:48.751Z] SKIP best-water-filtration-solutions-for-texas-renters (already optimized, content unchanged)
[2026-03-06T17:22:48.751Z] SKIP hvac-condensate-drain-lines-risks (already optimized, content unchanged)
[2026-03-06T17:22:48.751Z] SKIP signs-you-need-water-softener-texas (already optimized, content unchanged)
[2026-03-06T17:22:48.751Z] SKIP whole-home-water-filtration-conroe (already optimized, content unchanged)
[2026-03-06T17:22:48.751Z] SKIP ensuring-safety-with-gas-line-inspections-and-compliance (already optimized, content unchanged)
[2026-03-06T17:22:48.752Z] SKIP understanding-trenchless-sewer-repair-costs-local-services-and-method-comparisons (already optimized, content unchanged)
[2026-03-06T17:22:48.752Z] SKIP understanding-backflow-prevention-in-texas-a-comprehensive-guide-for-businesses (already optimized, content unchanged)
[2026-03-06T17:22:48.752Z] SKIP top-water-filtration-systems-your-home (already optimized, content unchanged)
[2026-03-06T17:22:48.752Z] SKIP essential-guide-to-preventive-plumbing-maintenance-for-landlords (already optimized, content unchanged)
[2026-03-06T17:22:48.752Z] SKIP annual-plumbing-checkups-matter (already optimized, content unchanged)
[2026-03-06T17:22:48.752Z] SKIP plumbing-myths-to-stop-believing (already optimized, content unchanged)
[2026-03-06T17:22:48.752Z] SKIP essential-steps-managing-sewer-backups (already optimized, content unchanged)
[2026-03-06T17:22:48.753Z] SKIP texas-freeze-plumbing-damage-conroe (already optimized, content unchanged)
[2026-03-06T17:22:48.753Z] SKIP tank-vs-tankless-water-heaters (already optimized, content unchanged)
[2026-03-06T17:22:48.753Z] SKIP burst-pipe-repair-in-conroe (already optimized, content unchanged)
[2026-03-06T17:22:48.753Z] SKIP maximizing-roi-with-whole-home-water-treatment-systems (already optimized, content unchanged)
[2026-03-06T17:22:48.757Z] SKIP winter-plumbing-inspection-conroe-checklist (already optimized, content unchanged)
[2026-03-06T17:22:48.759Z] SKIP why-conroe-homeowners-prefer-local-plumbers (already optimized, content unchanged)
[2026-03-06T17:22:48.759Z] SKIP extend-water-heater-lifespan-expert-tips (already optimized, content unchanged)
[2026-03-06T17:22:48.759Z] SKIP local-plumber-in-conroe (already optimized, content unchanged)
[2026-03-06T17:22:48.759Z] SKIP the-smart-homeowners-guide-to-choosing-the-best-water-filtration-system-for-home (already optimized, content unchanged)
[2026-03-06T17:22:48.759Z] SKIP sulfur-smell-in-water-conroe-filtration-solutions (already optimized, content unchanged)
[2026-03-06T17:22:48.760Z] SKIP contact (already optimized, content unchanged)
[2026-03-06T17:22:48.760Z] SKIP why-flushing-wipes-cost-you-thousands (already optimized, content unchanged)
[2026-03-06T17:22:48.760Z] SKIP comprehensive-water-heater-maintenance-flushing-guide (already optimized, content unchanged)
[2026-03-06T17:22:48.760Z] SKIP water-filtration-system-need (already optimized, content unchanged)
[2026-03-06T17:22:48.761Z] SKIP prevent-sewer-backups-conroe-winter-tips (already optimized, content unchanged)
[2026-03-06T17:22:48.764Z] SKIP essential-tips-prevent-sewer-backups (already optimized, content unchanged)
[2026-03-06T17:22:48.764Z] SKIP sewer-camera-inspections-essential-older-homes (already optimized, content unchanged)
[2026-03-06T17:23:25.686Z] OK   preventing-frozen-pipes-in-conroe (36.9s)
[2026-03-06T17:23:47.051Z] OK   mastering-plumbing-in-bathroom-and-kitchen-remodels (58.3s)
[2026-03-06T17:23:47.051Z] SKIP spot-hidden-plumbing-leaks (already optimized, content unchanged)
[2026-03-06T17:23:49.766Z] OK   essential-plumbing-maintenance-and-seasonal-tips-for-houston-homeowners (61.0s)
[2026-03-06T17:23:52.359Z] OK   comprehensive-guide-to-backflow-testing-in-the-houston-area (63.6s)
[2026-03-06T17:23:58.854Z] OK   choose-best-water-filtration-system (70.1s)
[2026-03-06T17:24:02.324Z] OK   top-rated-plumbing-services-texas (73.6s)
[2026-03-06T17:24:13.326Z] OK   understanding-slab-leak-repair-and-detection-comprehensive-insights-for-homeowners-in-conroe (84.6s)
[2026-03-06T17:24:28.581Z] OK   water-softener-vs-water-filtration (99.8s)
[2026-03-06T17:24:33.926Z] OK   identifying-carbon-monoxide-risks-water-heaters (46.9s)
[2026-03-06T17:24:40.309Z] OK   water-sotfener-installation-in-conroe (74.6s)
[2026-03-06T17:24:43.401Z] OK   historic-home-plumbing-in-conroe (44.5s)
[2026-03-06T17:24:51.203Z] OK   water-softener-installation (61.4s)
[2026-03-06T17:24:51.643Z] OK   vacation-proof-your-plumbing-houston-summers (122.9s)
[2026-03-06T17:24:53.160Z] OK   flushable-wipes-plumbing-safety (60.8s)
[2026-03-06T17:25:00.877Z] OK   same-day-plumbing-service-in-conroe (32.3s)
[2026-03-06T17:25:04.976Z] OK   sewer-backup (62.7s)
[2026-03-06T17:25:19.376Z] OK   emergency-plumbing-services-in-conroe (45.4s)
[2026-03-06T17:25:23.872Z] OK   essential-guide-to-sewer-backup-troubleshooting-and-emergency-plumbing-tips (155.1s)
[2026-03-06T17:25:38.797Z] OK   drain-cleaning-conroe-holiday-tips (47.6s)
[2026-03-06T17:25:47.962Z] OK   mastering-trenchless-sewer-repair-in-houston (179.2s)
[2026-03-06T17:26:00.439Z] OK   the-ultimate-guide-to-hydro-jetting-and-drain-cleaning-in-conroe (191.7s)
[2026-03-06T17:26:06.808Z] OK   the-hidden-benefits-of-investing-in-a-whole-home-water-filtration-system (73.6s)
[2026-03-06T17:26:15.697Z] OK   preventing-grease-related-sewer-disasters-in-restaurants (84.1s)
[2026-03-06T17:26:24.039Z] OK   ensuring-water-safety-understanding-boil-water-advisories-and-filtration-systems (130.7s)
[2026-03-06T17:26:25.572Z] OK   are-tankless-water-heaters-worth-the-cost (105.3s)
[2026-03-06T17:26:33.925Z] OK   water-testing-interpreting-water-quality-report (70.1s)
[2026-03-06T17:26:52.829Z] OK   future-eco-friendly-hybrid-water-heaters (74.0s)
[2026-03-06T17:28:02.615Z] OK   maximizing-energy-efficiency-with-heat-pump-water-heaters-and-hybrid-technology-in-texas (181.3s)
[2026-03-06T17:28:57.995Z] OK   smart-water-shutoff-valve-and-leak-detection-systems-protecting-your-home-and-savings (254.2s)
[2026-03-06T17:28:58.169Z] OK   ensuring-potable-water-safety-through-vacuum-breakers-and-backflow-prevention (232.8s)
[2026-03-06T17:29:27.817Z] OK   summer-hard-water-problems-solutions-texas (247.6s)
