== choose-best-water-filtration-system ==
Error: 

== sewer-backup ==
Error: 

== preventing-frozen-pipes-in-conroe ==
Error: 

== water-softener-vs-water-filtration ==
Error: 

== same-day-plumbing-service-in-conroe ==
Error: 

== water-softener-installation ==
Error: 

== are-tankless-water-heaters-worth-the-cost ==
Error: 

== mastering-plumbing-in-bathroom-and-kitchen-remodels ==
Error: 

== emergency-plumbing-services-in-conroe ==
Error: 

== water-sotfener-installation-in-conroe ==
Error: 

== ensuring-water-safety-understanding-boil-water-advisories-and-filtration-systems ==
Error: 

== the-ultimate-guide-to-hydro-jetting-and-drain-cleaning-in-conroe ==
Error: 

== smart-water-shutoff-valve-and-leak-detection-systems-protecting-your-home-and-savings ==
Error: 

== essential-guide-to-sewer-backup-troubleshooting-and-emergency-plumbing-tips ==
Error: 

== identifying-carbon-monoxide-risks-water-heaters ==
Error: 

== the-hidden-benefits-of-investing-in-a-whole-home-water-filtration-system ==
Error: 

== understanding-slab-leak-repair-and-detection-comprehensive-insights-for-homeowners-in-conroe ==
Error: 

== ensuring-potable-water-safety-through-vacuum-breakers-and-backflow-prevention ==
Error: 

== summer-hard-water-problems-solutions-texas ==
Error: 

== mastering-trenchless-sewer-repair-in-houston ==
Error: 

== drain-cleaning-conroe-holiday-tips ==
Error: 

== preventing-grease-related-sewer-disasters-in-restaurants ==
Error: 

== essential-plumbing-maintenance-and-seasonal-tips-for-houston-homeowners ==
Error: 

== maximizing-energy-efficiency-with-heat-pump-water-heaters-and-hybrid-technology-in-texas ==
Error: 

== future-eco-friendly-hybrid-water-heaters ==
Error: 

== vacation-proof-your-plumbing-houston-summers ==
Error: 

== water-testing-interpreting-water-quality-report ==
Error: 

== comprehensive-guide-to-backflow-testing-in-the-houston-area ==
Error: 

== historic-home-plumbing-in-conroe ==
Error: 

== flushable-wipes-plumbing-safety ==
Error: 

== top-rated-plumbing-services-texas ==
Error: 
